{
  "stats": {
    "suites": 1,
    "tests": 2,
    "passes": 2,
    "pending": 0,
    "failures": 0,
    "start": "2020-09-06T16:13:07.536Z",
    "end": "2020-09-06T16:13:20.322Z",
    "duration": 12786,
    "testsRegistered": 2,
    "passPercent": 100,
    "pendingPercent": 0,
    "other": 0,
    "hasOther": false,
    "skipped": 0,
    "hasSkipped": false
  },
  "results": [
    {
      "uuid": "81ea03c2-ddc3-4321-bfa1-b27691c38929",
      "title": "",
      "fullFile": "cypress\\integration\\examples\\DemoQABooks\\Login.js",
      "file": "cypress\\integration\\examples\\DemoQABooks\\Login.js",
      "beforeHooks": [],
      "afterHooks": [],
      "tests": [],
      "suites": [
        {
          "uuid": "4a291518-450b-439b-a0bc-4ed3f0fa2b47",
          "title": "Demo QA Books",
          "fullFile": "",
          "file": "",
          "beforeHooks": [],
          "afterHooks": [],
          "tests": [
            {
              "title": "Login",
              "fullTitle": "Demo QA Books Login",
              "timedOut": null,
              "duration": 9198,
              "state": "passed",
              "speed": "slow",
              "pass": true,
              "fail": false,
              "pending": false,
              "context": null,
              "code": "//Login\ncy.get('#login').click();\ncy.get('#userName').type(this.data.username);\ncy.get('#password').type(this.data.password);\ncy.get('#login').click();\ncy.get('#userName-value').should('have.text', this.data.username);\ncy.get('#searchBox').type('Java');\ncy.get('.action-buttons').contains('Learning JavaScript Design Patterns').click();\ncy.get('.text-left.fullButton').contains('Back To Book Store').click();",
              "err": {},
              "uuid": "b415e71c-bc03-4fef-b454-f9f87e45e5f7",
              "parentUUID": "4a291518-450b-439b-a0bc-4ed3f0fa2b47",
              "isHook": false,
              "skipped": false
            },
            {
              "title": "Logout",
              "fullTitle": "Demo QA Books Logout",
              "timedOut": null,
              "duration": 558,
              "state": "passed",
              "speed": "slow",
              "pass": true,
              "fail": false,
              "pending": false,
              "context": null,
              "code": "//Logout\ncy.get('#submit').click();",
              "err": {},
              "uuid": "d3a92513-adaf-410c-834b-5d1e389d45b4",
              "parentUUID": "4a291518-450b-439b-a0bc-4ed3f0fa2b47",
              "isHook": false,
              "skipped": false
            }
          ],
          "suites": [],
          "passes": [
            "b415e71c-bc03-4fef-b454-f9f87e45e5f7",
            "d3a92513-adaf-410c-834b-5d1e389d45b4"
          ],
          "failures": [],
          "pending": [],
          "skipped": [],
          "duration": 9756,
          "root": false,
          "rootEmpty": false,
          "_timeout": 2000
        }
      ],
      "passes": [],
      "failures": [],
      "pending": [],
      "skipped": [],
      "duration": 0,
      "root": true,
      "rootEmpty": true,
      "_timeout": 2000
    }
  ],
  "meta": {
    "mocha": {
      "version": "7.0.1"
    },
    "mochawesome": {
      "options": {
        "quiet": false,
        "reportFilename": "mochawesome",
        "saveHtml": true,
        "saveJson": true,
        "consoleReporter": "spec",
        "useInlineDiffs": false,
        "code": true
      },
      "version": "6.1.1"
    },
    "marge": {
      "options": null,
      "version": "5.1.0"
    }
  }
}