{
  "stats": {
    "suites": 1,
    "tests": 2,
    "passes": 2,
    "pending": 0,
    "failures": 0,
    "start": "2020-09-06T16:24:53.210Z",
    "end": "2020-09-06T16:25:05.700Z",
    "duration": 12490,
    "testsRegistered": 2,
    "passPercent": 100,
    "pendingPercent": 0,
    "other": 0,
    "hasOther": false,
    "skipped": 0,
    "hasSkipped": false
  },
  "results": [
    {
      "uuid": "b16ace4b-3c00-4be9-99ef-c5350cbe4218",
      "title": "",
      "fullFile": "cypress\\integration\\DemoQABooks\\Login.js",
      "file": "cypress\\integration\\DemoQABooks\\Login.js",
      "beforeHooks": [],
      "afterHooks": [],
      "tests": [],
      "suites": [
        {
          "uuid": "5f5b188a-d617-4983-b78d-87818ba950b9",
          "title": "Demo QA Books",
          "fullFile": "",
          "file": "",
          "beforeHooks": [],
          "afterHooks": [],
          "tests": [
            {
              "title": "Login",
              "fullTitle": "Demo QA Books Login",
              "timedOut": null,
              "duration": 9190,
              "state": "passed",
              "speed": "slow",
              "pass": true,
              "fail": false,
              "pending": false,
              "context": null,
              "code": "//Login\ncy.get('#login').click();\ncy.get('#userName').type(this.data.username);\ncy.get('#password').type(this.data.password);\ncy.get('#login').click();\ncy.get('#userName-value').should('have.text', this.data.username);\ncy.get('#searchBox').type('Java');\ncy.get('.action-buttons').contains('Learning JavaScript Design Patterns').click();\ncy.get('.text-left.fullButton').contains('Back To Book Store').click();",
              "err": {},
              "uuid": "caa6879f-3506-406b-baea-0b0aeada0269",
              "parentUUID": "5f5b188a-d617-4983-b78d-87818ba950b9",
              "isHook": false,
              "skipped": false
            },
            {
              "title": "Logout",
              "fullTitle": "Demo QA Books Logout",
              "timedOut": null,
              "duration": 680,
              "state": "passed",
              "speed": "slow",
              "pass": true,
              "fail": false,
              "pending": false,
              "context": null,
              "code": "//Logout\ncy.get('#submit').click();",
              "err": {},
              "uuid": "eeb1ffa5-f21d-414c-8ff9-93b865b94b56",
              "parentUUID": "5f5b188a-d617-4983-b78d-87818ba950b9",
              "isHook": false,
              "skipped": false
            }
          ],
          "suites": [],
          "passes": [
            "caa6879f-3506-406b-baea-0b0aeada0269",
            "eeb1ffa5-f21d-414c-8ff9-93b865b94b56"
          ],
          "failures": [],
          "pending": [],
          "skipped": [],
          "duration": 9870,
          "root": false,
          "rootEmpty": false,
          "_timeout": 2000
        }
      ],
      "passes": [],
      "failures": [],
      "pending": [],
      "skipped": [],
      "duration": 0,
      "root": true,
      "rootEmpty": true,
      "_timeout": 2000
    }
  ],
  "meta": {
    "mocha": {
      "version": "7.0.1"
    },
    "mochawesome": {
      "options": {
        "quiet": false,
        "reportFilename": "mochawesome",
        "saveHtml": true,
        "saveJson": true,
        "consoleReporter": "spec",
        "useInlineDiffs": false,
        "code": true
      },
      "version": "6.1.1"
    },
    "marge": {
      "options": null,
      "version": "5.1.0"
    }
  }
}